+ sample_info=input/sample_info.txt
+ g1name=grp1
+ g2name=grp2
+ outdir=output
+ pkldir=output/intermediatefiles
+ gene_annotation=input/annotations/ENSG_to_genename.txt
+ transcript_annotation=input/annotations/ENST.txt
+ date
Mon Mar 27 11:30:23 PDT 2017
+ disco --outdir output --pkldir output/intermediatefiles --group1color '#2BF0F0' --group2color '#FF8686' --geneannotationfile input/annotations/ENSG_to_genename.txt --transcriptannotationfile input/annotations/ENST.txt --maxciwidth 1 --mininfreads 3 --mindefreads 0 --minavgpsi 0.1 --minnumcells 50 --minavgshift 0.1 --stattest KS --alpha 0.05 --multitestmethod fdr_bh input/sample_info.txt grp1 grp2
:0: FutureWarning: IPython widgets are experimental and may change in the future.
grp1-10-A01
grp1-10-A02
grp1-10-A03
grp1-10-A05
grp1-10-A06
grp1-10-A10
grp1-10-A12
grp1-10-B02
grp1-10-B04
grp1-10-B07
grp1-10-B08
grp1-10-B10
grp1-10-B11
grp1-10-B12
grp1-10-C01
grp1-10-C02
grp1-10-C03
grp1-10-C04
grp1-10-C05
grp1-10-C06
grp1-10-C07
grp1-10-C10
grp1-10-D04
grp1-10-D05
grp1-10-D07
grp1-10-D10
grp1-10-D11
grp1-10-D12
grp1-10-E01
grp1-10-E02
grp1-10-E03
grp1-10-E06
grp1-10-E10
grp1-10-F02
grp1-10-F04
grp1-10-F05
grp1-10-F06
grp1-10-F07
grp1-10-F08
grp1-10-F09
grp1-10-F10
grp1-10-F12
grp1-10-G01
grp1-10-G02
grp1-10-G04
grp1-10-G06
grp1-10-G11
grp1-10-G12
grp1-10-H02
grp1-10-H06
grp1-10-H10
grp1-10-H11
grp1-10-H12
grp1-2-A01
grp1-2-A02
grp1-2-A03
grp1-2-A04
grp1-2-A05
grp1-2-A06
grp1-2-A07
grp1-2-A08
grp1-2-A09
grp1-2-A10
grp1-2-A11
grp1-2-A12
grp1-2-B01
grp1-2-B02
grp1-2-B03
grp1-2-B04
grp1-2-B05
grp1-2-B06
grp1-2-B07
grp1-2-B08
grp1-2-B09
grp1-2-B10
grp1-2-B11
grp1-2-C01
grp1-2-C02
grp1-2-C03
grp1-2-C04
grp1-2-C05
grp1-2-C06
grp1-2-C07
grp1-2-C08
grp1-2-C09
grp1-2-C10
grp1-2-C11
grp1-2-C12
grp1-2-D01
grp1-2-D02
grp1-3-A01
grp1-3-A02
grp1-3-A03
grp1-3-A04
grp1-3-A08
grp1-3-A10
grp1-3-B02
grp1-3-B03
grp1-3-B04
grp1-3-B08
grp1-3-B09
grp1-3-B10
grp1-3-B11
grp1-3-B12
grp1-3-C04
grp1-3-C05
grp1-3-C06
grp1-3-C07
grp1-3-C08
grp1-3-C11
grp1-3-C12
grp1-3-D01
grp1-3-D02
grp1-3-D03
grp1-3-D04
grp1-3-D07
grp1-3-D10
grp1-3-D11
grp1-3-D12
grp1-3-E02
grp1-3-E06
grp1-3-E07
grp1-3-E08
grp1-3-E09
grp1-3-E12
grp1-3-F01
grp1-3-F04
grp1-3-F05
grp1-3-F07
grp1-3-F09
grp1-3-F10
grp1-3-G01
grp1-3-G02
grp1-3-G06
grp1-3-G07
grp1-3-G08
grp1-3-G09
grp1-3-G10
grp1-3-G11
grp1-3-G12
grp1-3-H01
grp1-3-H05
grp1-3-H10
grp1-3-H11
grp1-3-H12
grp1-4-A01
grp1-4-A06
grp1-4-A07
grp1-4-A08
grp1-4-A10
grp1-4-A12
grp1-4-B01
grp1-4-B02
grp1-4-B03
grp1-4-B04
grp1-4-B07
grp1-4-B08
grp1-4-B12
grp1-4-C01
grp1-4-C05
grp1-4-C06
grp1-4-C07
grp1-4-C08
grp1-4-D01
grp1-4-D02
grp1-4-D04
grp1-4-D06
grp1-4-D07
grp1-4-D11
grp1-4-E04
grp1-4-E05
grp1-4-E06
grp1-4-E07
grp1-4-E09
grp1-4-E10
grp1-4-F01
grp1-4-F03
grp1-4-F04
grp1-4-F05
grp1-4-F06
grp1-4-F07
grp1-4-F09
grp1-4-F11
grp1-4-G01
grp1-4-G03
grp1-4-G04
grp1-4-G05
grp1-4-G06
grp1-4-G09
grp1-4-G10
grp1-4-G12
grp1-4-H01
grp1-4-H04
grp1-4-H08
grp1-4-H09
grp1-4-H10
grp1-5-A05
grp1-5-B10
grp1-5-D04
grp1-5-D06
grp1-5-D10
grp1-5-E10
grp1-5-E12
grp1-5-F07
grp1-5-G12
grp1-5-H02
grp1-5-H04
grp1-5-H08
grp1-6-A01
grp1-6-A02
grp1-6-A03
grp1-6-A04
grp1-6-A05
grp1-6-A06
grp1-6-A07
grp1-6-A08
grp1-6-A09
grp1-6-A10
grp1-6-A11
grp1-6-A12
grp1-6-B01
grp1-6-B02
grp1-6-B03
grp1-6-B04
grp1-6-B05
grp1-6-B06
grp1-6-B07
grp1-6-B08
grp1-6-B09
grp1-6-B10
grp1-6-B12
grp1-6-C01
grp1-6-C02
grp1-6-C04
grp1-6-C05
grp1-6-C06
grp1-6-C07
grp1-6-C08
grp1-6-C09
grp1-6-C10
grp1-6-C11
grp1-6-C12
grp1-6-D01
grp1-6-D02
grp1-6-D03
grp1-6-D04
grp1-6-D05
grp1-6-D06
grp1-6-D07
grp1-6-D08
grp1-6-D12
grp1-6-E02
grp1-6-E05
grp1-6-E06
grp1-6-E08
grp1-6-E09
grp1-6-E10
grp1-6-E11
grp1-6-E12
grp1-6-F01
grp1-6-F02
grp1-6-F05
grp1-6-F06
grp1-6-F07
grp1-6-F08
grp1-6-F09
grp1-6-F10
grp1-6-F11
grp1-6-F12
grp1-6-G01
grp1-6-G02
grp1-6-G03
grp1-6-G04
grp1-6-G05
grp1-6-G06
grp1-6-G07
grp1-6-G08
grp1-6-G09
grp1-6-G11
grp1-6-G12
grp1-6-H01
grp1-6-H02
grp1-6-H03
grp1-6-H04
grp1-6-H05
grp1-6-H06
grp1-6-H07
grp1-6-H08
grp1-6-H09
grp1-6-H11
grp1-6-H12
grp2-1-A04
grp2-1-A05
grp2-1-A06
grp2-1-A10
grp2-1-A11
grp2-1-A12
grp2-1-B04
grp2-1-B05
grp2-1-B06
grp2-1-B10
grp2-1-B11
grp2-1-B12
grp2-1-C04
grp2-1-C05
grp2-1-C06
grp2-1-C11
grp2-1-C12
grp2-1-D04
grp2-1-D05
grp2-1-D06
grp2-1-D08
grp2-1-D10
grp2-1-D11
grp2-1-D12
grp2-1-E04
grp2-1-E05
grp2-1-E06
grp2-1-E10
grp2-1-E11
grp2-1-F01
grp2-1-F02
grp2-1-F04
grp2-1-F05
grp2-1-F06
grp2-1-F07
grp2-1-F09
grp2-1-F10
grp2-1-F11
grp2-1-F12
grp2-1-G01
grp2-1-G02
grp2-1-G03
grp2-1-G04
grp2-1-G05
grp2-1-G06
grp2-1-G07
grp2-1-G09
grp2-1-G10
grp2-1-G11
grp2-1-G12
grp2-1-H01
grp2-1-H02
grp2-1-H03
grp2-1-H04
grp2-1-H05
grp2-1-H06
grp2-1-H07
grp2-1-H08
grp2-1-H10
grp2-1-H11
grp2-1-H12
grp2-2-A01
grp2-2-A02
grp2-2-A03
grp2-2-A04
grp2-2-A05
grp2-2-A06
grp2-2-A07
grp2-2-A08
grp2-2-A10
grp2-2-A11
grp2-2-A12
grp2-2-B02
grp2-2-B03
grp2-2-B05
grp2-2-B06
grp2-2-B07
grp2-2-B08
grp2-2-B09
grp2-2-B10
grp2-2-B11
grp2-2-B12
grp2-2-C01
grp2-2-C03
grp2-2-C04
grp2-2-C05
grp2-2-C06
grp2-2-C07
grp2-2-C08
grp2-2-C09
grp2-2-C10
grp2-2-C11
grp2-2-C12
grp2-2-D01
grp2-2-D02
grp2-2-D03
grp2-2-D04
grp2-2-D05
grp2-2-D06
grp2-2-D07
grp2-2-D08
grp2-2-D09
grp2-2-D10
grp2-2-D11
grp2-2-D12
grp2-2-E01
grp2-2-E02
grp2-2-E03
grp2-2-E04
grp2-2-E06
grp2-2-E07
grp2-2-E08
grp2-2-E09
grp2-2-E10
grp2-2-E11
grp2-2-E12
grp2-2-F01
grp2-2-F02
grp2-2-F03
grp2-2-F04
grp2-2-F06
grp2-2-F07
grp2-2-F08
grp2-2-F09
grp2-2-F10
grp2-2-F11
grp2-2-F12
grp2-2-G01
grp2-2-G02
grp2-2-G03
grp2-2-G04
grp2-2-G05
grp2-2-G06
grp2-2-G07
grp2-2-G08
grp2-2-G09
grp2-2-G11
grp2-2-G12
grp2-2-H01
grp2-2-H02
grp2-2-H03
grp2-2-H04
grp2-2-H05
grp2-2-H06
grp2-2-H07
grp2-2-H08
grp2-2-H09
grp2-2-H10
grp2-2-H11
grp2-2-H12
Sample 1: (3402, 22)
After filtering for conf. int. width: (3402, 22)
After filtering for num reads inf.: (3081, 22)
After filtering for num reads def.: (3081, 22)
# isoforms x # cells: (26, 286)
After keeping rows with min num cells called: (24, 286)
Filtered Sample 1: (24, 286)

Sample 2: (2729, 22)
After filtering for conf. int. width: (2729, 22)
After filtering for num reads inf.: (2597, 22)
After filtering for num reads def.: (2597, 22)
# isoforms x # cells: (26, 146)
After keeping rows with min num cells called: (23, 146)
Filtered Sample 2: (23, 146)

Number of total isoforms: 26
After filtering for min avg. psi: 17
After filtering for min avg. shift in psi: 9
Running KS test
Significant at mulitple testing corrected pvalue 0.05 : 9

Plotting  6  genes
TFPI
MYCT1
TAGAP
PNRC1
MMRN1
CLEC2B
Saved plots to output/grp1vsgrp2_KS_violinplots.pdf
+ date
Mon Mar 27 11:30:52 PDT 2017
